0 info it worked if it ends with ok
1 verbose cli [
1 verbose cli   'C:\\Dev\\node\\node.exe',
1 verbose cli   'C:\\Users\\heris\\AppData\\Roaming\\npm\\node_modules\\npm\\bin\\npm-cli.js',
1 verbose cli   'install',
1 verbose cli   'node-sass@4.14.'
1 verbose cli ]
2 info using npm@6.14.8
3 info using node@v12.12.0
4 verbose npm-session fff6f14a6c02b816
5 silly install loadCurrentTree
6 silly install readLocalPackageData
7 http fetch GET 304 https://registry.npmjs.org/node-sass 267ms (from cache)
8 silly registry:manifest no matching version for node-sass@4.14. in the cache. Forcing revalidation.
9 http fetch GET 200 https://registry.npmjs.org/node-sass 100ms
10 silly fetchPackageMetaData error for node-sass@4.14. No matching version found for node-sass@4.14..
11 timing stage:rollbackFailedOptional Completed in 1ms
12 timing stage:runTopLevelLifecycles Completed in 1538ms
13 verbose type tag
14 verbose stack node-sass: No matching version found for node-sass@4.14..
14 verbose stack     at pickManifest (C:\Users\heris\AppData\Roaming\npm\node_modules\npm\node_modules\npm-pick-manifest\index.js:122:13)
14 verbose stack     at C:\Users\heris\AppData\Roaming\npm\node_modules\npm\node_modules\pacote\lib\fetchers\registry\manifest.js:43:18
14 verbose stack     at tryCatcher (C:\Users\heris\AppData\Roaming\npm\node_modules\npm\node_modules\bluebird\js\release\util.js:16:23)
14 verbose stack     at Promise._settlePromiseFromHandler (C:\Users\heris\AppData\Roaming\npm\node_modules\npm\node_modules\bluebird\js\release\promise.js:517:31)
14 verbose stack     at Promise._settlePromise (C:\Users\heris\AppData\Roaming\npm\node_modules\npm\node_modules\bluebird\js\release\promise.js:574:18)
14 verbose stack     at Promise._settlePromise0 (C:\Users\heris\AppData\Roaming\npm\node_modules\npm\node_modules\bluebird\js\release\promise.js:619:10)
14 verbose stack     at Promise._settlePromises (C:\Users\heris\AppData\Roaming\npm\node_modules\npm\node_modules\bluebird\js\release\promise.js:699:18)
14 verbose stack     at _drainQueueStep (C:\Users\heris\AppData\Roaming\npm\node_modules\npm\node_modules\bluebird\js\release\async.js:138:12)
14 verbose stack     at _drainQueue (C:\Users\heris\AppData\Roaming\npm\node_modules\npm\node_modules\bluebird\js\release\async.js:131:9)
14 verbose stack     at Async._drainQueues (C:\Users\heris\AppData\Roaming\npm\node_modules\npm\node_modules\bluebird\js\release\async.js:147:5)
14 verbose stack     at Immediate.Async.drainQueues [as _onImmediate] (C:\Users\heris\AppData\Roaming\npm\node_modules\npm\node_modules\bluebird\js\release\async.js:17:14)
14 verbose stack     at processImmediate (internal/timers.js:439:21)
15 verbose cwd C:\Dev\OC\NodeAPI\FrontEnd
16 verbose Windows_NT 10.0.19042
17 verbose argv "C:\\Dev\\node\\node.exe" "C:\\Users\\heris\\AppData\\Roaming\\npm\\node_modules\\npm\\bin\\npm-cli.js" "install" "node-sass@4.14."
18 verbose node v12.12.0
19 verbose npm  v6.14.8
20 error code ETARGET
21 error notarget No matching version found for node-sass@4.14..
22 error notarget In most cases you or one of your dependencies are requesting
22 error notarget a package version that doesn't exist.
23 verbose exit [ 1, true ]
